<?xml version="1.0" encoding="UTF-8"?>
<testsuite name="Search fly" tests="1" skipped="0" failures="0" errors="0" timestamp="2021-03-26T16:53:09" hostname="CPX-U80PW529XRI" time="34.418">
  <properties/>
  <testcase name="Search fly" classname="Search fly" time="34.418"/>
  <system-out><![CDATA[COP 140,075
COP 140,075
]]></system-out>
  <system-err><![CDATA[mar 26, 2021 11:53:10 AM org.openqa.selenium.remote.DesiredCapabilities chrome
INFO: Using `new ChromeOptions()` is preferred to `DesiredCapabilities.chrome()`
[Test worker] INFO net.serenitybdd.core.webdriver.driverproviders.ProvideNewDriver - Instantiating driver
[Test worker] INFO net.serenitybdd.core.webdriver.driverproviders.ProvideNewDriver - Driver capabilities: Capabilities {acceptInsecureCerts: false, browserName: chrome, chrome.switches: --lang=es,--disable-popup-b..., goog:chromeOptions: {args: [--lang=es, --disable-popup-blocking, --disable-downloadnotification, --start-maximized, --test-type, --ignore-certificate-errors, --allowrunning-insecure-con..., --disable-translate, --always-authorize-plugins, --disableextensions], extensions: []}, loggingPrefs: org.openqa.selenium.logging..., platform: ANY, version: }
Starting ChromeDriver 89.0.4389.23 (61b08ee2c50024bab004e48d2b1b083cdbdac579-refs/branch-heads/4389@{#294}) on port 33709
Only local connections are allowed.
Please see https://chromedriver.chromium.org/security-considerations for suggestions on keeping ChromeDriver safe.
ChromeDriver was started successfully.
mar 26, 2021 11:53:13 AM org.openqa.selenium.remote.ProtocolHandshake createSession
INFO: Detected dialect: W3C
[Test worker] INFO net.thucydides.core.steps.ConsoleLoggingListener - 
        __    _____ _____ ____ _____   ____   _    ____  ____  _____ ____  
  _     \ \  |_   _| ____/ ___|_   _| |  _ \ / \  / ___|/ ___|| ____|  _ \ 
 (_)_____| |   | | |  _| \___ \ | |   | |_) / _ \ \___ \\___ \|  _| | | | |
  _|_____| |   | | | |___ ___) || |   |  __/ ___ \ ___) |___) | |___| |_| |
 (_)     | |   |_| |_____|____/ |_|   |_| /_/   \_\____/|____/|_____|____/ 
        /_/                                                                

TEST PASSED: Search fly
----------------------------------------------------------------------------
]]></system-err>
</testsuite>
